<?xml version="1.0" encoding="UTF-8"?>
<testsuite xmlns:xsi="http://www.w3.org/2001/XMLSchema-instance" xsi:noNamespaceSchemaLocation="https://maven.apache.org/surefire/maven-surefire-plugin/xsd/surefire-test-report.xsd" name="pl.estrix.shopsync.controller.WebControllerTest" time="1.381" tests="1" errors="1" skipped="0" failures="0">
  <properties>
    <property name="gopherProxySet" value="false"/>
    <property name="awt.toolkit" value="sun.lwawt.macosx.LWCToolkit"/>
    <property name="java.specification.version" value="11"/>
    <property name="sun.cpu.isalist" value=""/>
    <property name="sun.jnu.encoding" value="UTF-8"/>
    <property name="java.class.path" value="/Users/kamilmucik/workspace/shopsync/web-app/target/test-classes:/Users/kamilmucik/workspace/shopsync/web-app/target/classes:/Users/kamilmucik/.m2/repository/pl/estrix/shopsync/syncshop-commons/0.0.1-SNAPSHOT/syncshop-commons-0.0.1-SNAPSHOT.jar:/Users/kamilmucik/.m2/repository/uk/co/jemos/podam/podam/6.0.2.RELEASE/podam-6.0.2.RELEASE.jar:/Users/kamilmucik/.m2/repository/net/jcip/jcip-annotations/1.0/jcip-annotations-1.0.jar:/Users/kamilmucik/.m2/repository/javax/annotation/jsr250-api/1.0/jsr250-api-1.0.jar:/Users/kamilmucik/.m2/repository/org/springframework/spring-context/5.1.19.RELEASE/spring-context-5.1.19.RELEASE.jar:/Users/kamilmucik/.m2/repository/org/springframework/spring-messaging/5.1.19.RELEASE/spring-messaging-5.1.19.RELEASE.jar:/Users/kamilmucik/.m2/repository/org/springframework/integration/spring-integration-core/5.1.13.RELEASE/spring-integration-core-5.1.13.RELEASE.jar:/Users/kamilmucik/.m2/repository/org/springframework/retry/spring-retry/1.2.5.RELEASE/spring-retry-1.2.5.RELEASE.jar:/Users/kamilmucik/.m2/repository/io/projectreactor/reactor-core/3.2.21.RELEASE/reactor-core-3.2.21.RELEASE.jar:/Users/kamilmucik/.m2/repository/org/reactivestreams/reactive-streams/1.0.3/reactive-streams-1.0.3.jar:/Users/kamilmucik/.m2/repository/org/reflections/reflections/0.9.10/reflections-0.9.10.jar:/Users/kamilmucik/.m2/repository/org/javassist/javassist/3.19.0-GA/javassist-3.19.0-GA.jar:/Users/kamilmucik/.m2/repository/commons-lang/commons-lang/2.6/commons-lang-2.6.jar:/Users/kamilmucik/.m2/repository/com/google/guava/guava/19.0/guava-19.0.jar:/Users/kamilmucik/.m2/repository/com/google/code/findbugs/annotations/2.0.1/annotations-2.0.1.jar:/Users/kamilmucik/.m2/repository/javax/validation/validation-api/2.0.1.Final/validation-api-2.0.1.Final.jar:/Users/kamilmucik/.m2/repository/javax/xml/bind/jaxb-api/2.3.0/jaxb-api-2.3.0.jar:/Users/kamilmucik/.m2/repository/org/codehaus/jackson/jackson-core-asl/1.1.0/jackson-core-asl-1.1.0.jar:/Users/kamilmucik/.m2/repository/org/hibernate/hibernate-validator/5.4.1.Final/hibernate-validator-5.4.1.Final.jar:/Users/kamilmucik/.m2/repository/org/jboss/logging/jboss-logging/3.3.3.Final/jboss-logging-3.3.3.Final.jar:/Users/kamilmucik/.m2/repository/com/fasterxml/classmate/1.4.0/classmate-1.4.0.jar:/Users/kamilmucik/.m2/repository/org/springframework/boot/spring-boot-starter-data-jpa/2.1.18.RELEASE/spring-boot-starter-data-jpa-2.1.18.RELEASE.jar:/Users/kamilmucik/.m2/repository/org/springframework/boot/spring-boot-starter-aop/2.1.18.RELEASE/spring-boot-starter-aop-2.1.18.RELEASE.jar:/Users/kamilmucik/.m2/repository/org/aspectj/aspectjweaver/1.9.6/aspectjweaver-1.9.6.jar:/Users/kamilmucik/.m2/repository/org/springframework/boot/spring-boot-starter-jdbc/2.1.18.RELEASE/spring-boot-starter-jdbc-2.1.18.RELEASE.jar:/Users/kamilmucik/.m2/repository/com/zaxxer/HikariCP/3.2.0/HikariCP-3.2.0.jar:/Users/kamilmucik/.m2/repository/org/springframework/spring-jdbc/5.1.19.RELEASE/spring-jdbc-5.1.19.RELEASE.jar:/Users/kamilmucik/.m2/repository/javax/transaction/javax.transaction-api/1.3/javax.transaction-api-1.3.jar:/Users/kamilmucik/.m2/repository/org/hibernate/hibernate-core/5.3.18.Final/hibernate-core-5.3.18.Final.jar:/Users/kamilmucik/.m2/repository/javax/persistence/javax.persistence-api/2.2/javax.persistence-api-2.2.jar:/Users/kamilmucik/.m2/repository/net/bytebuddy/byte-buddy/1.9.16/byte-buddy-1.9.16.jar:/Users/kamilmucik/.m2/repository/antlr/antlr/2.7.7/antlr-2.7.7.jar:/Users/kamilmucik/.m2/repository/org/jboss/jandex/2.0.5.Final/jandex-2.0.5.Final.jar:/Users/kamilmucik/.m2/repository/javax/activation/javax.activation-api/1.2.0/javax.activation-api-1.2.0.jar:/Users/kamilmucik/.m2/repository/org/dom4j/dom4j/2.1.3/dom4j-2.1.3.jar:/Users/kamilmucik/.m2/repository/org/hibernate/common/hibernate-commons-annotations/5.0.4.Final/hibernate-commons-annotations-5.0.4.Final.jar:/Users/kamilmucik/.m2/repository/org/glassfish/jaxb/jaxb-runtime/2.3.1/jaxb-runtime-2.3.1.jar:/Users/kamilmucik/.m2/repository/org/glassfish/jaxb/txw2/2.3.1/txw2-2.3.1.jar:/Users/kamilmucik/.m2/repository/com/sun/istack/istack-commons-runtime/3.0.7/istack-commons-runtime-3.0.7.jar:/Users/kamilmucik/.m2/repository/org/jvnet/staxex/stax-ex/1.8/stax-ex-1.8.jar:/Users/kamilmucik/.m2/repository/com/sun/xml/fastinfoset/FastInfoset/1.2.15/FastInfoset-1.2.15.jar:/Users/kamilmucik/.m2/repository/org/springframework/data/spring-data-jpa/2.1.21.RELEASE/spring-data-jpa-2.1.21.RELEASE.jar:/Users/kamilmucik/.m2/repository/org/springframework/data/spring-data-commons/2.1.21.RELEASE/spring-data-commons-2.1.21.RELEASE.jar:/Users/kamilmucik/.m2/repository/org/springframework/spring-orm/5.1.19.RELEASE/spring-orm-5.1.19.RELEASE.jar:/Users/kamilmucik/.m2/repository/org/springframework/spring-tx/5.1.19.RELEASE/spring-tx-5.1.19.RELEASE.jar:/Users/kamilmucik/.m2/repository/org/springframework/spring-beans/5.1.19.RELEASE/spring-beans-5.1.19.RELEASE.jar:/Users/kamilmucik/.m2/repository/org/springframework/spring-aspects/5.1.19.RELEASE/spring-aspects-5.1.19.RELEASE.jar:/Users/kamilmucik/.m2/repository/mysql/mysql-connector-java/8.0.22/mysql-connector-java-8.0.22.jar:/Users/kamilmucik/.m2/repository/org/springframework/boot/spring-boot-starter-security/2.1.18.RELEASE/spring-boot-starter-security-2.1.18.RELEASE.jar:/Users/kamilmucik/.m2/repository/org/springframework/boot/spring-boot-starter/2.1.18.RELEASE/spring-boot-starter-2.1.18.RELEASE.jar:/Users/kamilmucik/.m2/repository/org/springframework/boot/spring-boot/2.1.18.RELEASE/spring-boot-2.1.18.RELEASE.jar:/Users/kamilmucik/.m2/repository/org/springframework/boot/spring-boot-autoconfigure/2.1.18.RELEASE/spring-boot-autoconfigure-2.1.18.RELEASE.jar:/Users/kamilmucik/.m2/repository/org/springframework/boot/spring-boot-starter-logging/2.1.18.RELEASE/spring-boot-starter-logging-2.1.18.RELEASE.jar:/Users/kamilmucik/.m2/repository/ch/qos/logback/logback-classic/1.2.3/logback-classic-1.2.3.jar:/Users/kamilmucik/.m2/repository/ch/qos/logback/logback-core/1.2.3/logback-core-1.2.3.jar:/Users/kamilmucik/.m2/repository/org/apache/logging/log4j/log4j-to-slf4j/2.11.2/log4j-to-slf4j-2.11.2.jar:/Users/kamilmucik/.m2/repository/org/apache/logging/log4j/log4j-api/2.11.2/log4j-api-2.11.2.jar:/Users/kamilmucik/.m2/repository/org/slf4j/jul-to-slf4j/1.7.30/jul-to-slf4j-1.7.30.jar:/Users/kamilmucik/.m2/repository/javax/annotation/javax.annotation-api/1.3.2/javax.annotation-api-1.3.2.jar:/Users/kamilmucik/.m2/repository/org/yaml/snakeyaml/1.23/snakeyaml-1.23.jar:/Users/kamilmucik/.m2/repository/org/springframework/spring-aop/5.1.19.RELEASE/spring-aop-5.1.19.RELEASE.jar:/Users/kamilmucik/.m2/repository/org/springframework/security/spring-security-config/5.1.13.RELEASE/spring-security-config-5.1.13.RELEASE.jar:/Users/kamilmucik/.m2/repository/org/springframework/security/spring-security-core/5.1.13.RELEASE/spring-security-core-5.1.13.RELEASE.jar:/Users/kamilmucik/.m2/repository/org/springframework/security/spring-security-web/5.1.13.RELEASE/spring-security-web-5.1.13.RELEASE.jar:/Users/kamilmucik/.m2/repository/org/springframework/spring-expression/5.1.19.RELEASE/spring-expression-5.1.19.RELEASE.jar:/Users/kamilmucik/.m2/repository/org/springframework/boot/spring-boot-starter-thymeleaf/2.1.18.RELEASE/spring-boot-starter-thymeleaf-2.1.18.RELEASE.jar:/Users/kamilmucik/.m2/repository/org/thymeleaf/thymeleaf-spring5/3.0.11.RELEASE/thymeleaf-spring5-3.0.11.RELEASE.jar:/Users/kamilmucik/.m2/repository/org/thymeleaf/thymeleaf/3.0.11.RELEASE/thymeleaf-3.0.11.RELEASE.jar:/Users/kamilmucik/.m2/repository/org/attoparser/attoparser/2.0.5.RELEASE/attoparser-2.0.5.RELEASE.jar:/Users/kamilmucik/.m2/repository/org/unbescape/unbescape/1.1.6.RELEASE/unbescape-1.1.6.RELEASE.jar:/Users/kamilmucik/.m2/repository/org/thymeleaf/extras/thymeleaf-extras-java8time/3.0.4.RELEASE/thymeleaf-extras-java8time-3.0.4.RELEASE.jar:/Users/kamilmucik/.m2/repository/org/springframework/boot/spring-boot-starter-validation/2.1.18.RELEASE/spring-boot-starter-validation-2.1.18.RELEASE.jar:/Users/kamilmucik/.m2/repository/org/apache/tomcat/embed/tomcat-embed-el/9.0.39/tomcat-embed-el-9.0.39.jar:/Users/kamilmucik/.m2/repository/org/hibernate/validator/hibernate-validator/6.0.21.Final/hibernate-validator-6.0.21.Final.jar:/Users/kamilmucik/.m2/repository/org/thymeleaf/extras/thymeleaf-extras-springsecurity5/3.0.4.RELEASE/thymeleaf-extras-springsecurity5-3.0.4.RELEASE.jar:/Users/kamilmucik/.m2/repository/org/slf4j/slf4j-api/1.7.30/slf4j-api-1.7.30.jar:/Users/kamilmucik/.m2/repository/org/springframework/boot/spring-boot-starter-web/2.1.15.RELEASE/spring-boot-starter-web-2.1.15.RELEASE.jar:/Users/kamilmucik/.m2/repository/org/springframework/boot/spring-boot-starter-json/2.1.18.RELEASE/spring-boot-starter-json-2.1.18.RELEASE.jar:/Users/kamilmucik/.m2/repository/com/fasterxml/jackson/core/jackson-databind/2.9.10.6/jackson-databind-2.9.10.6.jar:/Users/kamilmucik/.m2/repository/com/fasterxml/jackson/core/jackson-annotations/2.9.10/jackson-annotations-2.9.10.jar:/Users/kamilmucik/.m2/repository/com/fasterxml/jackson/core/jackson-core/2.9.10/jackson-core-2.9.10.jar:/Users/kamilmucik/.m2/repository/com/fasterxml/jackson/datatype/jackson-datatype-jdk8/2.9.10/jackson-datatype-jdk8-2.9.10.jar:/Users/kamilmucik/.m2/repository/com/fasterxml/jackson/datatype/jackson-datatype-jsr310/2.9.10/jackson-datatype-jsr310-2.9.10.jar:/Users/kamilmucik/.m2/repository/com/fasterxml/jackson/module/jackson-module-parameter-names/2.9.10/jackson-module-parameter-names-2.9.10.jar:/Users/kamilmucik/.m2/repository/org/springframework/boot/spring-boot-starter-tomcat/2.1.18.RELEASE/spring-boot-starter-tomcat-2.1.18.RELEASE.jar:/Users/kamilmucik/.m2/repository/org/apache/tomcat/embed/tomcat-embed-core/9.0.39/tomcat-embed-core-9.0.39.jar:/Users/kamilmucik/.m2/repository/org/apache/tomcat/embed/tomcat-embed-websocket/9.0.39/tomcat-embed-websocket-9.0.39.jar:/Users/kamilmucik/.m2/repository/org/springframework/spring-web/5.1.19.RELEASE/spring-web-5.1.19.RELEASE.jar:/Users/kamilmucik/.m2/repository/org/springframework/spring-webmvc/5.1.19.RELEASE/spring-webmvc-5.1.19.RELEASE.jar:/Users/kamilmucik/.m2/repository/org/webjars/bootstrap/4.5.3/bootstrap-4.5.3.jar:/Users/kamilmucik/.m2/repository/org/webjars/popper.js/1.16.0/popper.js-1.16.0.jar:/Users/kamilmucik/.m2/repository/org/webjars/font-awesome/5.15.2/font-awesome-5.15.2.jar:/Users/kamilmucik/.m2/repository/org/projectlombok/lombok/1.18.16/lombok-1.18.16.jar:/Users/kamilmucik/.m2/repository/org/webjars/jquery/3.5.1/jquery-3.5.1.jar:/Users/kamilmucik/.m2/repository/org/springframework/boot/spring-boot-starter-test/2.1.18.RELEASE/spring-boot-starter-test-2.1.18.RELEASE.jar:/Users/kamilmucik/.m2/repository/org/springframework/boot/spring-boot-test/2.1.18.RELEASE/spring-boot-test-2.1.18.RELEASE.jar:/Users/kamilmucik/.m2/repository/org/springframework/boot/spring-boot-test-autoconfigure/2.1.18.RELEASE/spring-boot-test-autoconfigure-2.1.18.RELEASE.jar:/Users/kamilmucik/.m2/repository/com/jayway/jsonpath/json-path/2.4.0/json-path-2.4.0.jar:/Users/kamilmucik/.m2/repository/net/minidev/json-smart/2.3/json-smart-2.3.jar:/Users/kamilmucik/.m2/repository/net/minidev/accessors-smart/1.2/accessors-smart-1.2.jar:/Users/kamilmucik/.m2/repository/org/ow2/asm/asm/5.0.4/asm-5.0.4.jar:/Users/kamilmucik/.m2/repository/junit/junit/4.12/junit-4.12.jar:/Users/kamilmucik/.m2/repository/org/assertj/assertj-core/3.11.1/assertj-core-3.11.1.jar:/Users/kamilmucik/.m2/repository/org/mockito/mockito-core/2.23.4/mockito-core-2.23.4.jar:/Users/kamilmucik/.m2/repository/net/bytebuddy/byte-buddy-agent/1.9.16/byte-buddy-agent-1.9.16.jar:/Users/kamilmucik/.m2/repository/org/objenesis/objenesis/2.6/objenesis-2.6.jar:/Users/kamilmucik/.m2/repository/org/hamcrest/hamcrest-core/1.3/hamcrest-core-1.3.jar:/Users/kamilmucik/.m2/repository/org/hamcrest/hamcrest-library/1.3/hamcrest-library-1.3.jar:/Users/kamilmucik/.m2/repository/org/skyscreamer/jsonassert/1.5.0/jsonassert-1.5.0.jar:/Users/kamilmucik/.m2/repository/com/vaadin/external/google/android-json/0.0.20131108.vaadin1/android-json-0.0.20131108.vaadin1.jar:/Users/kamilmucik/.m2/repository/org/springframework/spring-core/5.1.19.RELEASE/spring-core-5.1.19.RELEASE.jar:/Users/kamilmucik/.m2/repository/org/springframework/spring-jcl/5.1.19.RELEASE/spring-jcl-5.1.19.RELEASE.jar:/Users/kamilmucik/.m2/repository/org/springframework/spring-test/5.1.19.RELEASE/spring-test-5.1.19.RELEASE.jar:/Users/kamilmucik/.m2/repository/org/xmlunit/xmlunit-core/2.6.4/xmlunit-core-2.6.4.jar:/Users/kamilmucik/.m2/repository/com/querydsl/querydsl-core/4.1.3/querydsl-core-4.1.3.jar:/Users/kamilmucik/.m2/repository/com/google/code/findbugs/jsr305/1.3.9/jsr305-1.3.9.jar:/Users/kamilmucik/.m2/repository/com/mysema/commons/mysema-commons-lang/0.2.4/mysema-commons-lang-0.2.4.jar:/Users/kamilmucik/.m2/repository/com/infradna/tool/bridge-method-annotation/1.13/bridge-method-annotation-1.13.jar:/Users/kamilmucik/.m2/repository/com/querydsl/querydsl-apt/4.1.3/querydsl-apt-4.1.3.jar:/Users/kamilmucik/.m2/repository/com/querydsl/querydsl-codegen/4.1.3/querydsl-codegen-4.1.3.jar:/Users/kamilmucik/.m2/repository/com/mysema/codegen/codegen/0.6.8/codegen-0.6.8.jar:/Users/kamilmucik/.m2/repository/org/eclipse/jdt/core/compiler/ecj/4.3.1/ecj-4.3.1.jar:/Users/kamilmucik/.m2/repository/javax/inject/javax.inject/1/javax.inject-1.jar:/Users/kamilmucik/.m2/repository/com/querydsl/querydsl-jpa/4.1.3/querydsl-jpa-4.1.3.jar:/Users/kamilmucik/.m2/repository/com/querydsl/querydsl-sql/4.1.3/querydsl-sql-4.1.3.jar:/Users/kamilmucik/.m2/repository/joda-time/joda-time/2.10.8/joda-time-2.10.8.jar:/Users/kamilmucik/.m2/repository/org/apache/servicemix/bundles/org.apache.servicemix.bundles.javax-inject/1_2/org.apache.servicemix.bundles.javax-inject-1_2.jar:/Users/kamilmucik/.m2/repository/org/mapstruct/mapstruct/1.4.1.Final/mapstruct-1.4.1.Final.jar:/Users/kamilmucik/.m2/repository/com/h2database/h2/1.4.200/h2-1.4.200.jar:/Users/kamilmucik/.m2/repository/org/spockframework/spock-core/1.2-groovy-2.5/spock-core-1.2-groovy-2.5.jar:/Users/kamilmucik/.m2/repository/org/codehaus/groovy/groovy/2.5.13/groovy-2.5.13.jar:/Users/kamilmucik/.m2/repository/org/codehaus/groovy/groovy-json/2.5.13/groovy-json-2.5.13.jar:/Users/kamilmucik/.m2/repository/org/codehaus/groovy/groovy-nio/2.5.13/groovy-nio-2.5.13.jar:/Users/kamilmucik/.m2/repository/org/codehaus/groovy/groovy-macro/2.5.13/groovy-macro-2.5.13.jar:/Users/kamilmucik/.m2/repository/org/codehaus/groovy/groovy-templates/2.5.13/groovy-templates-2.5.13.jar:/Users/kamilmucik/.m2/repository/org/codehaus/groovy/groovy-test/2.5.13/groovy-test-2.5.13.jar:/Users/kamilmucik/.m2/repository/org/codehaus/groovy/groovy-sql/2.5.13/groovy-sql-2.5.13.jar:/Users/kamilmucik/.m2/repository/org/codehaus/groovy/groovy-xml/2.5.13/groovy-xml-2.5.13.jar:/Users/kamilmucik/.m2/repository/org/spockframework/spock-spring/1.2-groovy-2.5/spock-spring-1.2-groovy-2.5.jar:/Users/kamilmucik/.m2/repository/org/springframework/boot/spring-boot-starter-actuator/2.1.18.RELEASE/spring-boot-starter-actuator-2.1.18.RELEASE.jar:/Users/kamilmucik/.m2/repository/org/springframework/boot/spring-boot-actuator-autoconfigure/2.1.18.RELEASE/spring-boot-actuator-autoconfigure-2.1.18.RELEASE.jar:/Users/kamilmucik/.m2/repository/org/springframework/boot/spring-boot-actuator/2.1.18.RELEASE/spring-boot-actuator-2.1.18.RELEASE.jar:/Users/kamilmucik/.m2/repository/io/micrometer/micrometer-core/1.1.19/micrometer-core-1.1.19.jar:/Users/kamilmucik/.m2/repository/org/hdrhistogram/HdrHistogram/2.1.9/HdrHistogram-2.1.9.jar:/Users/kamilmucik/.m2/repository/org/latencyutils/LatencyUtils/2.0.3/LatencyUtils-2.0.3.jar:"/>
    <property name="java.vm.vendor" value="Oracle Corporation"/>
    <property name="sun.arch.data.model" value="64"/>
    <property name="java.vendor.url" value="http://java.oracle.com/"/>
    <property name="user.timezone" value=""/>
    <property name="java.vm.specification.version" value="11"/>
    <property name="os.name" value="Mac OS X"/>
    <property name="sun.java.launcher" value="SUN_STANDARD"/>
    <property name="user.country" value="PL"/>
    <property name="sun.boot.library.path" value="/Library/Java/JavaVirtualMachines/jdk-11.0.2.jdk/Contents/Home/lib"/>
    <property name="sun.java.command" value="/Users/kamilmucik/workspace/shopsync/web-app/target/surefire/surefirebooter3417070897327326862.jar /Users/kamilmucik/workspace/shopsync/web-app/target/surefire 2022-01-09T22-16-23_353-jvmRun1 surefire2073725257983372901tmp surefire_1811895979667243588tmp"/>
    <property name="http.nonProxyHosts" value="local|*.local|169.254/16|*.169.254/16"/>
    <property name="jdk.debug" value="release"/>
    <property name="surefire.test.class.path" value="/Users/kamilmucik/workspace/shopsync/web-app/target/test-classes:/Users/kamilmucik/workspace/shopsync/web-app/target/classes:/Users/kamilmucik/.m2/repository/pl/estrix/shopsync/syncshop-commons/0.0.1-SNAPSHOT/syncshop-commons-0.0.1-SNAPSHOT.jar:/Users/kamilmucik/.m2/repository/uk/co/jemos/podam/podam/6.0.2.RELEASE/podam-6.0.2.RELEASE.jar:/Users/kamilmucik/.m2/repository/net/jcip/jcip-annotations/1.0/jcip-annotations-1.0.jar:/Users/kamilmucik/.m2/repository/javax/annotation/jsr250-api/1.0/jsr250-api-1.0.jar:/Users/kamilmucik/.m2/repository/org/springframework/spring-context/5.1.19.RELEASE/spring-context-5.1.19.RELEASE.jar:/Users/kamilmucik/.m2/repository/org/springframework/spring-messaging/5.1.19.RELEASE/spring-messaging-5.1.19.RELEASE.jar:/Users/kamilmucik/.m2/repository/org/springframework/integration/spring-integration-core/5.1.13.RELEASE/spring-integration-core-5.1.13.RELEASE.jar:/Users/kamilmucik/.m2/repository/org/springframework/retry/spring-retry/1.2.5.RELEASE/spring-retry-1.2.5.RELEASE.jar:/Users/kamilmucik/.m2/repository/io/projectreactor/reactor-core/3.2.21.RELEASE/reactor-core-3.2.21.RELEASE.jar:/Users/kamilmucik/.m2/repository/org/reactivestreams/reactive-streams/1.0.3/reactive-streams-1.0.3.jar:/Users/kamilmucik/.m2/repository/org/reflections/reflections/0.9.10/reflections-0.9.10.jar:/Users/kamilmucik/.m2/repository/org/javassist/javassist/3.19.0-GA/javassist-3.19.0-GA.jar:/Users/kamilmucik/.m2/repository/commons-lang/commons-lang/2.6/commons-lang-2.6.jar:/Users/kamilmucik/.m2/repository/com/google/guava/guava/19.0/guava-19.0.jar:/Users/kamilmucik/.m2/repository/com/google/code/findbugs/annotations/2.0.1/annotations-2.0.1.jar:/Users/kamilmucik/.m2/repository/javax/validation/validation-api/2.0.1.Final/validation-api-2.0.1.Final.jar:/Users/kamilmucik/.m2/repository/javax/xml/bind/jaxb-api/2.3.0/jaxb-api-2.3.0.jar:/Users/kamilmucik/.m2/repository/org/codehaus/jackson/jackson-core-asl/1.1.0/jackson-core-asl-1.1.0.jar:/Users/kamilmucik/.m2/repository/org/hibernate/hibernate-validator/5.4.1.Final/hibernate-validator-5.4.1.Final.jar:/Users/kamilmucik/.m2/repository/org/jboss/logging/jboss-logging/3.3.3.Final/jboss-logging-3.3.3.Final.jar:/Users/kamilmucik/.m2/repository/com/fasterxml/classmate/1.4.0/classmate-1.4.0.jar:/Users/kamilmucik/.m2/repository/org/springframework/boot/spring-boot-starter-data-jpa/2.1.18.RELEASE/spring-boot-starter-data-jpa-2.1.18.RELEASE.jar:/Users/kamilmucik/.m2/repository/org/springframework/boot/spring-boot-starter-aop/2.1.18.RELEASE/spring-boot-starter-aop-2.1.18.RELEASE.jar:/Users/kamilmucik/.m2/repository/org/aspectj/aspectjweaver/1.9.6/aspectjweaver-1.9.6.jar:/Users/kamilmucik/.m2/repository/org/springframework/boot/spring-boot-starter-jdbc/2.1.18.RELEASE/spring-boot-starter-jdbc-2.1.18.RELEASE.jar:/Users/kamilmucik/.m2/repository/com/zaxxer/HikariCP/3.2.0/HikariCP-3.2.0.jar:/Users/kamilmucik/.m2/repository/org/springframework/spring-jdbc/5.1.19.RELEASE/spring-jdbc-5.1.19.RELEASE.jar:/Users/kamilmucik/.m2/repository/javax/transaction/javax.transaction-api/1.3/javax.transaction-api-1.3.jar:/Users/kamilmucik/.m2/repository/org/hibernate/hibernate-core/5.3.18.Final/hibernate-core-5.3.18.Final.jar:/Users/kamilmucik/.m2/repository/javax/persistence/javax.persistence-api/2.2/javax.persistence-api-2.2.jar:/Users/kamilmucik/.m2/repository/net/bytebuddy/byte-buddy/1.9.16/byte-buddy-1.9.16.jar:/Users/kamilmucik/.m2/repository/antlr/antlr/2.7.7/antlr-2.7.7.jar:/Users/kamilmucik/.m2/repository/org/jboss/jandex/2.0.5.Final/jandex-2.0.5.Final.jar:/Users/kamilmucik/.m2/repository/javax/activation/javax.activation-api/1.2.0/javax.activation-api-1.2.0.jar:/Users/kamilmucik/.m2/repository/org/dom4j/dom4j/2.1.3/dom4j-2.1.3.jar:/Users/kamilmucik/.m2/repository/org/hibernate/common/hibernate-commons-annotations/5.0.4.Final/hibernate-commons-annotations-5.0.4.Final.jar:/Users/kamilmucik/.m2/repository/org/glassfish/jaxb/jaxb-runtime/2.3.1/jaxb-runtime-2.3.1.jar:/Users/kamilmucik/.m2/repository/org/glassfish/jaxb/txw2/2.3.1/txw2-2.3.1.jar:/Users/kamilmucik/.m2/repository/com/sun/istack/istack-commons-runtime/3.0.7/istack-commons-runtime-3.0.7.jar:/Users/kamilmucik/.m2/repository/org/jvnet/staxex/stax-ex/1.8/stax-ex-1.8.jar:/Users/kamilmucik/.m2/repository/com/sun/xml/fastinfoset/FastInfoset/1.2.15/FastInfoset-1.2.15.jar:/Users/kamilmucik/.m2/repository/org/springframework/data/spring-data-jpa/2.1.21.RELEASE/spring-data-jpa-2.1.21.RELEASE.jar:/Users/kamilmucik/.m2/repository/org/springframework/data/spring-data-commons/2.1.21.RELEASE/spring-data-commons-2.1.21.RELEASE.jar:/Users/kamilmucik/.m2/repository/org/springframework/spring-orm/5.1.19.RELEASE/spring-orm-5.1.19.RELEASE.jar:/Users/kamilmucik/.m2/repository/org/springframework/spring-tx/5.1.19.RELEASE/spring-tx-5.1.19.RELEASE.jar:/Users/kamilmucik/.m2/repository/org/springframework/spring-beans/5.1.19.RELEASE/spring-beans-5.1.19.RELEASE.jar:/Users/kamilmucik/.m2/repository/org/springframework/spring-aspects/5.1.19.RELEASE/spring-aspects-5.1.19.RELEASE.jar:/Users/kamilmucik/.m2/repository/mysql/mysql-connector-java/8.0.22/mysql-connector-java-8.0.22.jar:/Users/kamilmucik/.m2/repository/org/springframework/boot/spring-boot-starter-security/2.1.18.RELEASE/spring-boot-starter-security-2.1.18.RELEASE.jar:/Users/kamilmucik/.m2/repository/org/springframework/boot/spring-boot-starter/2.1.18.RELEASE/spring-boot-starter-2.1.18.RELEASE.jar:/Users/kamilmucik/.m2/repository/org/springframework/boot/spring-boot/2.1.18.RELEASE/spring-boot-2.1.18.RELEASE.jar:/Users/kamilmucik/.m2/repository/org/springframework/boot/spring-boot-autoconfigure/2.1.18.RELEASE/spring-boot-autoconfigure-2.1.18.RELEASE.jar:/Users/kamilmucik/.m2/repository/org/springframework/boot/spring-boot-starter-logging/2.1.18.RELEASE/spring-boot-starter-logging-2.1.18.RELEASE.jar:/Users/kamilmucik/.m2/repository/ch/qos/logback/logback-classic/1.2.3/logback-classic-1.2.3.jar:/Users/kamilmucik/.m2/repository/ch/qos/logback/logback-core/1.2.3/logback-core-1.2.3.jar:/Users/kamilmucik/.m2/repository/org/apache/logging/log4j/log4j-to-slf4j/2.11.2/log4j-to-slf4j-2.11.2.jar:/Users/kamilmucik/.m2/repository/org/apache/logging/log4j/log4j-api/2.11.2/log4j-api-2.11.2.jar:/Users/kamilmucik/.m2/repository/org/slf4j/jul-to-slf4j/1.7.30/jul-to-slf4j-1.7.30.jar:/Users/kamilmucik/.m2/repository/javax/annotation/javax.annotation-api/1.3.2/javax.annotation-api-1.3.2.jar:/Users/kamilmucik/.m2/repository/org/yaml/snakeyaml/1.23/snakeyaml-1.23.jar:/Users/kamilmucik/.m2/repository/org/springframework/spring-aop/5.1.19.RELEASE/spring-aop-5.1.19.RELEASE.jar:/Users/kamilmucik/.m2/repository/org/springframework/security/spring-security-config/5.1.13.RELEASE/spring-security-config-5.1.13.RELEASE.jar:/Users/kamilmucik/.m2/repository/org/springframework/security/spring-security-core/5.1.13.RELEASE/spring-security-core-5.1.13.RELEASE.jar:/Users/kamilmucik/.m2/repository/org/springframework/security/spring-security-web/5.1.13.RELEASE/spring-security-web-5.1.13.RELEASE.jar:/Users/kamilmucik/.m2/repository/org/springframework/spring-expression/5.1.19.RELEASE/spring-expression-5.1.19.RELEASE.jar:/Users/kamilmucik/.m2/repository/org/springframework/boot/spring-boot-starter-thymeleaf/2.1.18.RELEASE/spring-boot-starter-thymeleaf-2.1.18.RELEASE.jar:/Users/kamilmucik/.m2/repository/org/thymeleaf/thymeleaf-spring5/3.0.11.RELEASE/thymeleaf-spring5-3.0.11.RELEASE.jar:/Users/kamilmucik/.m2/repository/org/thymeleaf/thymeleaf/3.0.11.RELEASE/thymeleaf-3.0.11.RELEASE.jar:/Users/kamilmucik/.m2/repository/org/attoparser/attoparser/2.0.5.RELEASE/attoparser-2.0.5.RELEASE.jar:/Users/kamilmucik/.m2/repository/org/unbescape/unbescape/1.1.6.RELEASE/unbescape-1.1.6.RELEASE.jar:/Users/kamilmucik/.m2/repository/org/thymeleaf/extras/thymeleaf-extras-java8time/3.0.4.RELEASE/thymeleaf-extras-java8time-3.0.4.RELEASE.jar:/Users/kamilmucik/.m2/repository/org/springframework/boot/spring-boot-starter-validation/2.1.18.RELEASE/spring-boot-starter-validation-2.1.18.RELEASE.jar:/Users/kamilmucik/.m2/repository/org/apache/tomcat/embed/tomcat-embed-el/9.0.39/tomcat-embed-el-9.0.39.jar:/Users/kamilmucik/.m2/repository/org/hibernate/validator/hibernate-validator/6.0.21.Final/hibernate-validator-6.0.21.Final.jar:/Users/kamilmucik/.m2/repository/org/thymeleaf/extras/thymeleaf-extras-springsecurity5/3.0.4.RELEASE/thymeleaf-extras-springsecurity5-3.0.4.RELEASE.jar:/Users/kamilmucik/.m2/repository/org/slf4j/slf4j-api/1.7.30/slf4j-api-1.7.30.jar:/Users/kamilmucik/.m2/repository/org/springframework/boot/spring-boot-starter-web/2.1.15.RELEASE/spring-boot-starter-web-2.1.15.RELEASE.jar:/Users/kamilmucik/.m2/repository/org/springframework/boot/spring-boot-starter-json/2.1.18.RELEASE/spring-boot-starter-json-2.1.18.RELEASE.jar:/Users/kamilmucik/.m2/repository/com/fasterxml/jackson/core/jackson-databind/2.9.10.6/jackson-databind-2.9.10.6.jar:/Users/kamilmucik/.m2/repository/com/fasterxml/jackson/core/jackson-annotations/2.9.10/jackson-annotations-2.9.10.jar:/Users/kamilmucik/.m2/repository/com/fasterxml/jackson/core/jackson-core/2.9.10/jackson-core-2.9.10.jar:/Users/kamilmucik/.m2/repository/com/fasterxml/jackson/datatype/jackson-datatype-jdk8/2.9.10/jackson-datatype-jdk8-2.9.10.jar:/Users/kamilmucik/.m2/repository/com/fasterxml/jackson/datatype/jackson-datatype-jsr310/2.9.10/jackson-datatype-jsr310-2.9.10.jar:/Users/kamilmucik/.m2/repository/com/fasterxml/jackson/module/jackson-module-parameter-names/2.9.10/jackson-module-parameter-names-2.9.10.jar:/Users/kamilmucik/.m2/repository/org/springframework/boot/spring-boot-starter-tomcat/2.1.18.RELEASE/spring-boot-starter-tomcat-2.1.18.RELEASE.jar:/Users/kamilmucik/.m2/repository/org/apache/tomcat/embed/tomcat-embed-core/9.0.39/tomcat-embed-core-9.0.39.jar:/Users/kamilmucik/.m2/repository/org/apache/tomcat/embed/tomcat-embed-websocket/9.0.39/tomcat-embed-websocket-9.0.39.jar:/Users/kamilmucik/.m2/repository/org/springframework/spring-web/5.1.19.RELEASE/spring-web-5.1.19.RELEASE.jar:/Users/kamilmucik/.m2/repository/org/springframework/spring-webmvc/5.1.19.RELEASE/spring-webmvc-5.1.19.RELEASE.jar:/Users/kamilmucik/.m2/repository/org/webjars/bootstrap/4.5.3/bootstrap-4.5.3.jar:/Users/kamilmucik/.m2/repository/org/webjars/popper.js/1.16.0/popper.js-1.16.0.jar:/Users/kamilmucik/.m2/repository/org/webjars/font-awesome/5.15.2/font-awesome-5.15.2.jar:/Users/kamilmucik/.m2/repository/org/projectlombok/lombok/1.18.16/lombok-1.18.16.jar:/Users/kamilmucik/.m2/repository/org/webjars/jquery/3.5.1/jquery-3.5.1.jar:/Users/kamilmucik/.m2/repository/org/springframework/boot/spring-boot-starter-test/2.1.18.RELEASE/spring-boot-starter-test-2.1.18.RELEASE.jar:/Users/kamilmucik/.m2/repository/org/springframework/boot/spring-boot-test/2.1.18.RELEASE/spring-boot-test-2.1.18.RELEASE.jar:/Users/kamilmucik/.m2/repository/org/springframework/boot/spring-boot-test-autoconfigure/2.1.18.RELEASE/spring-boot-test-autoconfigure-2.1.18.RELEASE.jar:/Users/kamilmucik/.m2/repository/com/jayway/jsonpath/json-path/2.4.0/json-path-2.4.0.jar:/Users/kamilmucik/.m2/repository/net/minidev/json-smart/2.3/json-smart-2.3.jar:/Users/kamilmucik/.m2/repository/net/minidev/accessors-smart/1.2/accessors-smart-1.2.jar:/Users/kamilmucik/.m2/repository/org/ow2/asm/asm/5.0.4/asm-5.0.4.jar:/Users/kamilmucik/.m2/repository/junit/junit/4.12/junit-4.12.jar:/Users/kamilmucik/.m2/repository/org/assertj/assertj-core/3.11.1/assertj-core-3.11.1.jar:/Users/kamilmucik/.m2/repository/org/mockito/mockito-core/2.23.4/mockito-core-2.23.4.jar:/Users/kamilmucik/.m2/repository/net/bytebuddy/byte-buddy-agent/1.9.16/byte-buddy-agent-1.9.16.jar:/Users/kamilmucik/.m2/repository/org/objenesis/objenesis/2.6/objenesis-2.6.jar:/Users/kamilmucik/.m2/repository/org/hamcrest/hamcrest-core/1.3/hamcrest-core-1.3.jar:/Users/kamilmucik/.m2/repository/org/hamcrest/hamcrest-library/1.3/hamcrest-library-1.3.jar:/Users/kamilmucik/.m2/repository/org/skyscreamer/jsonassert/1.5.0/jsonassert-1.5.0.jar:/Users/kamilmucik/.m2/repository/com/vaadin/external/google/android-json/0.0.20131108.vaadin1/android-json-0.0.20131108.vaadin1.jar:/Users/kamilmucik/.m2/repository/org/springframework/spring-core/5.1.19.RELEASE/spring-core-5.1.19.RELEASE.jar:/Users/kamilmucik/.m2/repository/org/springframework/spring-jcl/5.1.19.RELEASE/spring-jcl-5.1.19.RELEASE.jar:/Users/kamilmucik/.m2/repository/org/springframework/spring-test/5.1.19.RELEASE/spring-test-5.1.19.RELEASE.jar:/Users/kamilmucik/.m2/repository/org/xmlunit/xmlunit-core/2.6.4/xmlunit-core-2.6.4.jar:/Users/kamilmucik/.m2/repository/com/querydsl/querydsl-core/4.1.3/querydsl-core-4.1.3.jar:/Users/kamilmucik/.m2/repository/com/google/code/findbugs/jsr305/1.3.9/jsr305-1.3.9.jar:/Users/kamilmucik/.m2/repository/com/mysema/commons/mysema-commons-lang/0.2.4/mysema-commons-lang-0.2.4.jar:/Users/kamilmucik/.m2/repository/com/infradna/tool/bridge-method-annotation/1.13/bridge-method-annotation-1.13.jar:/Users/kamilmucik/.m2/repository/com/querydsl/querydsl-apt/4.1.3/querydsl-apt-4.1.3.jar:/Users/kamilmucik/.m2/repository/com/querydsl/querydsl-codegen/4.1.3/querydsl-codegen-4.1.3.jar:/Users/kamilmucik/.m2/repository/com/mysema/codegen/codegen/0.6.8/codegen-0.6.8.jar:/Users/kamilmucik/.m2/repository/org/eclipse/jdt/core/compiler/ecj/4.3.1/ecj-4.3.1.jar:/Users/kamilmucik/.m2/repository/javax/inject/javax.inject/1/javax.inject-1.jar:/Users/kamilmucik/.m2/repository/com/querydsl/querydsl-jpa/4.1.3/querydsl-jpa-4.1.3.jar:/Users/kamilmucik/.m2/repository/com/querydsl/querydsl-sql/4.1.3/querydsl-sql-4.1.3.jar:/Users/kamilmucik/.m2/repository/joda-time/joda-time/2.10.8/joda-time-2.10.8.jar:/Users/kamilmucik/.m2/repository/org/apache/servicemix/bundles/org.apache.servicemix.bundles.javax-inject/1_2/org.apache.servicemix.bundles.javax-inject-1_2.jar:/Users/kamilmucik/.m2/repository/org/mapstruct/mapstruct/1.4.1.Final/mapstruct-1.4.1.Final.jar:/Users/kamilmucik/.m2/repository/com/h2database/h2/1.4.200/h2-1.4.200.jar:/Users/kamilmucik/.m2/repository/org/spockframework/spock-core/1.2-groovy-2.5/spock-core-1.2-groovy-2.5.jar:/Users/kamilmucik/.m2/repository/org/codehaus/groovy/groovy/2.5.13/groovy-2.5.13.jar:/Users/kamilmucik/.m2/repository/org/codehaus/groovy/groovy-json/2.5.13/groovy-json-2.5.13.jar:/Users/kamilmucik/.m2/repository/org/codehaus/groovy/groovy-nio/2.5.13/groovy-nio-2.5.13.jar:/Users/kamilmucik/.m2/repository/org/codehaus/groovy/groovy-macro/2.5.13/groovy-macro-2.5.13.jar:/Users/kamilmucik/.m2/repository/org/codehaus/groovy/groovy-templates/2.5.13/groovy-templates-2.5.13.jar:/Users/kamilmucik/.m2/repository/org/codehaus/groovy/groovy-test/2.5.13/groovy-test-2.5.13.jar:/Users/kamilmucik/.m2/repository/org/codehaus/groovy/groovy-sql/2.5.13/groovy-sql-2.5.13.jar:/Users/kamilmucik/.m2/repository/org/codehaus/groovy/groovy-xml/2.5.13/groovy-xml-2.5.13.jar:/Users/kamilmucik/.m2/repository/org/spockframework/spock-spring/1.2-groovy-2.5/spock-spring-1.2-groovy-2.5.jar:/Users/kamilmucik/.m2/repository/org/springframework/boot/spring-boot-starter-actuator/2.1.18.RELEASE/spring-boot-starter-actuator-2.1.18.RELEASE.jar:/Users/kamilmucik/.m2/repository/org/springframework/boot/spring-boot-actuator-autoconfigure/2.1.18.RELEASE/spring-boot-actuator-autoconfigure-2.1.18.RELEASE.jar:/Users/kamilmucik/.m2/repository/org/springframework/boot/spring-boot-actuator/2.1.18.RELEASE/spring-boot-actuator-2.1.18.RELEASE.jar:/Users/kamilmucik/.m2/repository/io/micrometer/micrometer-core/1.1.19/micrometer-core-1.1.19.jar:/Users/kamilmucik/.m2/repository/org/hdrhistogram/HdrHistogram/2.1.9/HdrHistogram-2.1.9.jar:/Users/kamilmucik/.m2/repository/org/latencyutils/LatencyUtils/2.0.3/LatencyUtils-2.0.3.jar:"/>
    <property name="sun.cpu.endian" value="little"/>
    <property name="user.home" value="/Users/kamilmucik"/>
    <property name="user.language" value="pl"/>
    <property name="java.specification.vendor" value="Oracle Corporation"/>
    <property name="java.version.date" value="2019-01-15"/>
    <property name="java.home" value="/Library/Java/JavaVirtualMachines/jdk-11.0.2.jdk/Contents/Home"/>
    <property name="file.separator" value="/"/>
    <property name="basedir" value="/Users/kamilmucik/workspace/shopsync/web-app"/>
    <property name="java.vm.compressedOopsMode" value="Zero based"/>
    <property name="line.separator" value="&#10;"/>
    <property name="java.specification.name" value="Java Platform API Specification"/>
    <property name="java.vm.specification.vendor" value="Oracle Corporation"/>
    <property name="java.awt.graphicsenv" value="sun.awt.CGraphicsEnvironment"/>
    <property name="surefire.real.class.path" value="/Users/kamilmucik/workspace/shopsync/web-app/target/surefire/surefirebooter3417070897327326862.jar"/>
    <property name="sun.management.compiler" value="HotSpot 64-Bit Tiered Compilers"/>
    <property name="ftp.nonProxyHosts" value="local|*.local|169.254/16|*.169.254/16"/>
    <property name="java.runtime.version" value="11.0.2+9"/>
    <property name="user.name" value="kamilmucik"/>
    <property name="path.separator" value=":"/>
    <property name="os.version" value="10.14.6"/>
    <property name="java.runtime.name" value="OpenJDK Runtime Environment"/>
    <property name="file.encoding" value="UTF-8"/>
    <property name="java.vm.name" value="OpenJDK 64-Bit Server VM"/>
    <property name="java.vendor.version" value="18.9"/>
    <property name="localRepository" value="/Users/kamilmucik/.m2/repository"/>
    <property name="java.vendor.url.bug" value="http://bugreport.java.com/bugreport/"/>
    <property name="java.io.tmpdir" value="/var/folders/2n/dwcm_1yd2rb3h05v66rgkz5r0000gn/T/"/>
    <property name="java.version" value="11.0.2"/>
    <property name="user.dir" value="/Users/kamilmucik/workspace/shopsync/web-app"/>
    <property name="os.arch" value="x86_64"/>
    <property name="java.vm.specification.name" value="Java Virtual Machine Specification"/>
    <property name="java.awt.printerjob" value="sun.lwawt.macosx.CPrinterJob"/>
    <property name="sun.os.patch.level" value="unknown"/>
    <property name="java.library.path" value="/Users/kamilmucik/Library/Java/Extensions:/Library/Java/Extensions:/Network/Library/Java/Extensions:/System/Library/Java/Extensions:/usr/lib/java:."/>
    <property name="java.vendor" value="Oracle Corporation"/>
    <property name="java.vm.info" value="mixed mode"/>
    <property name="java.vm.version" value="11.0.2+9"/>
    <property name="sun.io.unicode.encoding" value="UnicodeBig"/>
    <property name="java.class.version" value="55.0"/>
    <property name="socksNonProxyHosts" value="local|*.local|169.254/16|*.169.254/16"/>
  </properties>
  <testcase name="pl.estrix.shopsync.controller.WebControllerTest" classname="org.apache.maven.surefire.junit4.JUnit4Provider" time="1.381">
    <error message="Configuration error: found multiple declarations of @BootstrapWith for test class [pl.estrix.shopsync.controller.WebControllerTest]: [@org.springframework.test.context.BootstrapWith(value=class org.springframework.boot.test.context.SpringBootTestContextBootstrapper), @org.springframework.test.context.BootstrapWith(value=class org.springframework.boot.test.autoconfigure.web.servlet.WebMvcTestContextBootstrapper)]" type="java.lang.IllegalStateException">java.lang.IllegalStateException: Configuration error: found multiple declarations of @BootstrapWith for test class [pl.estrix.shopsync.controller.WebControllerTest]: [@org.springframework.test.context.BootstrapWith(value=class org.springframework.boot.test.context.SpringBootTestContextBootstrapper), @org.springframework.test.context.BootstrapWith(value=class org.springframework.boot.test.autoconfigure.web.servlet.WebMvcTestContextBootstrapper)]
	at org.apache.maven.surefire.junit4.JUnit4Provider.execute(JUnit4Provider.java:363)
	at org.apache.maven.surefire.junit4.JUnit4Provider.executeWithRerun(JUnit4Provider.java:273)
	at org.apache.maven.surefire.junit4.JUnit4Provider.executeTestSet(JUnit4Provider.java:238)
	at org.apache.maven.surefire.junit4.JUnit4Provider.invoke(JUnit4Provider.java:159)
</error>
    <system-out><![CDATA[[2022-01-09 22:17:09.644][main][DEBUG][o.s.t.annotation.ProfileValueUtils] -> Retrieved @ProfileValueSourceConfiguration [null] for test class [pl.estrix.shopsync.controller.WebControllerTest]
[2022-01-09 22:17:09.659][main][DEBUG][o.s.t.annotation.ProfileValueUtils] -> Retrieved ProfileValueSource type [class org.springframework.test.annotation.SystemProfileValueSource] for class [pl.estrix.shopsync.controller.WebControllerTest]
[2022-01-09 22:17:09.660][main][DEBUG][o.s.t.annotation.ProfileValueUtils] -> Retrieved @ProfileValueSourceConfiguration [null] for test class [pl.estrix.shopsync.controller.WebControllerTest]
[2022-01-09 22:17:09.662][main][DEBUG][o.s.t.annotation.ProfileValueUtils] -> Retrieved ProfileValueSource type [class org.springframework.test.annotation.SystemProfileValueSource] for class [pl.estrix.shopsync.controller.WebControllerTest]
[2022-01-09 22:17:09.705][main][DEBUG][o.s.test.context.BootstrapUtils] -> Instantiating CacheAwareContextLoaderDelegate from class [org.springframework.test.context.cache.DefaultCacheAwareContextLoaderDelegate]
[2022-01-09 22:17:09.724][main][DEBUG][o.s.test.context.BootstrapUtils] -> Instantiating BootstrapContext using constructor [public org.springframework.test.context.support.DefaultBootstrapContext(java.lang.Class,org.springframework.test.context.CacheAwareContextLoaderDelegate)]
]]></system-out>
  </testcase>
</testsuite>